<?xml version="1.0" encoding="UTF-8"?>
<!-- Generated by org.testng.reporters.JUnitXMLReporter -->
<testsuite ignored="1" hostname="5CD93439TM" failures="2" tests="10" name="137" time="0.051" errors="0" timestamp="2021-07-13T19:49:27 IST">
  <testcase classname="test.Test01" name="A2" time="0.004"/>
  <testcase classname="test.Test01" name="B" time="0.0"/>
  <testcase classname="test.Test01" name="B2" time="0.002">
    <failure type="java.lang.AssertionError" message="expected [true] but found [false]">
      <![CDATA[java.lang.AssertionError: expected [true] but found [false]
at test.Test01.B2(Test01.java:49)
at java.base/java.util.ArrayList.forEach(ArrayList.java:1511)
at java.base/java.util.concurrent.FutureTask.run(FutureTask.java:264)
at java.base/java.util.concurrent.ThreadPoolExecutor.runWorker(ThreadPoolExecutor.java:1130)
at java.base/java.util.concurrent.ThreadPoolExecutor$Worker.run(ThreadPoolExecutor.java:630)
at java.base/java.lang.Thread.run(Thread.java:832)
... Removed 22 stack frames]]>
    </failure>
  </testcase> <!-- B2 -->
  <testcase classname="test.Test01" name="B3" time="0.0"/>
  <testcase classname="test.Test2" name="C" time="0.001">
    <failure type="java.lang.AssertionError" message="expected [true] but found [false]">
      <![CDATA[java.lang.AssertionError: expected [true] but found [false]
at test.Test2.C(Test2.java:17)
at java.base/java.util.ArrayList.forEach(ArrayList.java:1511)
at java.base/java.util.concurrent.FutureTask.run(FutureTask.java:264)
at java.base/java.util.concurrent.ThreadPoolExecutor.runWorker(ThreadPoolExecutor.java:1130)
at java.base/java.util.concurrent.ThreadPoolExecutor$Worker.run(ThreadPoolExecutor.java:630)
at java.base/java.lang.Thread.run(Thread.java:832)
... Removed 22 stack frames]]>
    </failure>
  </testcase> <!-- C -->
  <testcase classname="test.Test2" name="C2" time="0.0"/>
  <testcase classname="test.Test2" name="C3" time="0.001"/>
  <testcase classname="test.Test2" name="D" time="0.001"/>
  <testcase classname="test.Test3" name="G3" time="0.0"/>
  <testcase classname="test.Test3" name="G" time="0.001"/>
  <testcase classname="test.Test3" name="G2" time="0.0">
    <ignored/>
  </testcase> <!-- G2 -->
</testsuite> <!-- 137 -->
